# git
.git
.git/branches
.git/config
.git/description
.git/HEAD
.git/hooks
.git/hooks/applypatch-msg.sample
.git/hooks/commit-msg.sample
.git/hooks/post-update.sample
.git/hooks/pre-applypatch.sample
.git/hooks/pre-commit.sample
.git/hooks/pre-push.sample
.git/hooks/pre-rebase.sample
.git/hooks/pre-receive.sample
.git/hooks/prepare-commit-msg.sample
.git/hooks/update.sample
.git/index
.git/info
.git/info/exclude
.git/logs
.git/logs/HEAD
.git/logs/refs
.git/logs/refs/heads
.git/logs/refs/heads/master
.git/logs/refs/remotes
.git/logs/refs/remotes/origin
.git/logs/refs/remotes/origin/HEAD
.git/objects
.git/objects/info
.git/objects/pack
.git/packed-refs
.git/refs
.git/refs/heads
.git/refs/heads/master
.git/refs/remotes
.git/refs/remotes/origin
.git/refs/remotes/origin/HEAD
.git/refs/tags
# svn
.svn
.svn/entries
# hg
.hg
.hg/dirstate
.hg/requires
# idea
.idea
